
  .   ____          _            __ _ _
 /\\ / ___'_ __ _ _(_)_ __  __ _ \ \ \ \
( ( )\___ | '_ | '_| | '_ \/ _` | \ \ \ \
 \\/  ___)| |_)| | | | | || (_| |  ) ) ) )
  '  |____| .__|_| |_|_| |_\__, | / / / /
 =========|_|==============|___/=/_/_/_/
 :: Spring Boot ::        (v2.1.0.RELEASE)

2022-01-22 11:01:02.616  INFO 7029 --- [           main] c.s.q.QwikFormsApplication               : Starting QwikFormsApplication v0.0.1-SNAPSHOT on ip-10-0-0-70.ap-south-1.compute.internal with PID 7029 (/root/QwikFormECR/target/QwikForms-0.0.1-SNAPSHOT.war started by root in /root/QwikFormECR)
2022-01-22 11:01:02.637  INFO 7029 --- [           main] c.s.q.QwikFormsApplication               : No active profile set, falling back to default profiles: default
2022-01-22 11:01:02.843  INFO 7029 --- [           main] .e.DevToolsPropertyDefaultsPostProcessor : For additional web related logging consider setting the 'logging.level.web' property to 'DEBUG'
SLF4J: Class path contains multiple SLF4J bindings.
SLF4J: Found binding in [jar:file:/root/QwikFormECR/target/QwikForms-0.0.1-SNAPSHOT.war!/WEB-INF/lib/log4j-slf4j-impl-2.11.1.jar!/org/slf4j/impl/StaticLoggerBinder.class]
SLF4J: Found binding in [jar:file:/root/QwikFormECR/target/QwikForms-0.0.1-SNAPSHOT.war!/WEB-INF/lib/slf4j-simple-1.7.21.jar!/org/slf4j/impl/StaticLoggerBinder.class]
SLF4J: See http://www.slf4j.org/codes.html#multiple_bindings for an explanation.
SLF4J: Actual binding is of type [org.apache.logging.slf4j.Log4jLoggerFactory]
2022-01-22 11:01:05.747  INFO 7029 --- [           main] .s.d.r.c.RepositoryConfigurationDelegate : Bootstrapping Spring Data repositories in DEFAULT mode.
2022-01-22 11:01:05.883  INFO 7029 --- [           main] .s.d.r.c.RepositoryConfigurationDelegate : Finished Spring Data repository scanning in 114ms. Found 0 repository interfaces.
2022-01-22 11:01:06.773  INFO 7029 --- [           main] trationDelegate$BeanPostProcessorChecker : Bean 'org.springframework.transaction.annotation.ProxyTransactionManagementConfiguration' of type [org.springframework.transaction.annotation.ProxyTransactionManagementConfiguration$$EnhancerBySpringCGLIB$$6c438edf] is not eligible for getting processed by all BeanPostProcessors (for example: not eligible for auto-proxying)
2022-01-22 11:01:07.841  INFO 7029 --- [           main] o.s.b.w.e.t.TomcatWebServer              : Tomcat initialized with port(s): 8080 (http)
2022-01-22 11:01:07.912  INFO 7029 --- [           main] o.a.c.c.StandardService                  : Starting service [Tomcat]
2022-01-22 11:01:07.913  INFO 7029 --- [           main] o.a.c.c.StandardEngine                   : Starting Servlet Engine: Apache Tomcat/9.0.12
2022-01-22 11:01:07.943  INFO 7029 --- [           main] o.a.c.c.AprLifecycleListener             : The APR based Apache Tomcat Native library which allows optimal performance in production environments was not found on the java.library.path: [/usr/java/packages/lib/amd64:/usr/lib64:/lib64:/lib:/usr/lib]
2022-01-22 11:01:13.358  INFO 7029 --- [           main] o.a.j.s.TldScanner                       : At least one JAR was scanned for TLDs yet contained no TLDs. Enable debug logging for this logger for a complete list of JARs that were scanned but no TLDs were found in them. Skipping unneeded JARs during scanning can improve startup time and JSP compilation time.
2022-01-22 11:01:13.916  INFO 7029 --- [           main] o.a.c.c.C.[.[.[/QwikForms]               : Initializing Spring embedded WebApplicationContext
2022-01-22 11:01:13.916  INFO 7029 --- [           main] o.s.w.c.ContextLoader                    : Root WebApplicationContext: initialization completed in 11073 ms
2022-01-22 11:01:14.437  INFO 7029 --- [           main] o.h.Version                              : HHH000412: Hibernate Core {5.1.17.Final}
2022-01-22 11:01:14.444  INFO 7029 --- [           main] o.h.c.Environment                        : HHH000206: hibernate.properties not found
2022-01-22 11:01:14.446  INFO 7029 --- [           main] o.h.c.Environment                        : HHH000021: Bytecode provider name : javassist
2022-01-22 11:01:14.634  INFO 7029 --- [           main] o.h.a.c.Version                          : HCANN000001: Hibernate Commons Annotations {5.0.1.Final}
2022-01-22 11:01:15.788  INFO 7029 --- [           main] o.h.d.Dialect                            : HHH000400: Using dialect: org.hibernate.dialect.MySQL5InnoDBDialect
2022-01-22 11:01:19.229  INFO 7029 --- [           main] c.s.q.c.Config                           : Config init
2022-01-22 11:01:19.257  INFO 7029 --- [           main] o.s.b.w.s.ServletRegistrationBean        : Servlet dispatcherServlet mapped to [/]
2022-01-22 11:01:19.258  INFO 7029 --- [           main] o.s.b.w.s.ServletRegistrationBean        : Servlet formSubmitController mapped to [/formSubmitController/]
2022-01-22 11:01:19.258  INFO 7029 --- [           main] o.s.b.w.s.ServletRegistrationBean        : Servlet updatePicture mapped to [/updatePicture/]
2022-01-22 11:01:19.262  INFO 7029 --- [           main] o.s.b.w.s.ServletRegistrationBean        : Servlet responseServlet mapped to [/responseServlet/]
2022-01-22 11:01:19.272  INFO 7029 --- [           main] o.s.b.w.s.FilterRegistrationBean         : Mapping filter: 'characterEncodingFilter' to: [/*]
2022-01-22 11:01:19.272  INFO 7029 --- [           main] o.s.b.w.s.FilterRegistrationBean         : Mapping filter: 'config' to: [/*]
log4j:WARN No such property [maxFileSize] in org.apache.log4j.DailyRollingFileAppender.
log4j:WARN No such property [maxBackupIndex] in org.apache.log4j.DailyRollingFileAppender.
log4j:ERROR Unexpected char [e] at position 56 in conversion patterrn.
log4j:WARN No such property [maxFileSize] in org.apache.log4j.DailyRollingFileAppender.
log4j:WARN No such property [maxBackupIndex] in org.apache.log4j.DailyRollingFileAppender.
log4j:ERROR Unexpected char [e] at position 56 in conversion patterrn.
2022-01-22 11:01:21.449  INFO 7029 --- [           main] o.s.b.w.e.t.TomcatWebServer              : Tomcat started on port(s): 8080 (http) with context path '/QwikForms'
2022-01-22 11:01:21.457  INFO 7029 --- [           main] c.s.q.QwikFormsApplication               : Started QwikFormsApplication in 20.414 seconds (JVM running for 23.099)
2022-01-22 11:05:41.803  INFO 7029 --- [io-8080-exec-10] o.a.c.c.C.[.[.[/QwikForms]               : Initializing Spring DispatcherServlet 'dispatcherServlet'
2022-01-22 11:05:41.803  INFO 7029 --- [io-8080-exec-10] o.s.w.s.DispatcherServlet                : Initializing Servlet 'dispatcherServlet'
2022-01-22 11:05:41.833  INFO 7029 --- [io-8080-exec-10] o.s.w.s.DispatcherServlet                : Completed initialization in 30 ms
2022-01-22 11:15:08.278  INFO 7029 --- [io-8080-exec-10] o.a.c.h.Http11Processor                  : Error parsing HTTP request header
 Note: further occurrences of HTTP request parsing errors will be logged at DEBUG level.

java.lang.IllegalArgumentException: Invalid character found in method name. HTTP method names must be tokens
	at org.apache.coyote.http11.Http11InputBuffer.parseRequestLine(Http11InputBuffer.java:414) ~[tomcat-embed-core-9.0.12.jar!/:9.0.12]
	at org.apache.coyote.http11.Http11Processor.service(Http11Processor.java:294) [tomcat-embed-core-9.0.12.jar!/:9.0.12]
	at org.apache.coyote.AbstractProcessorLight.process(AbstractProcessorLight.java:66) [tomcat-embed-core-9.0.12.jar!/:9.0.12]
	at org.apache.coyote.AbstractProtocol$ConnectionHandler.process(AbstractProtocol.java:770) [tomcat-embed-core-9.0.12.jar!/:9.0.12]
	at org.apache.tomcat.util.net.NioEndpoint$SocketProcessor.doRun(NioEndpoint.java:1415) [tomcat-embed-core-9.0.12.jar!/:9.0.12]
	at org.apache.tomcat.util.net.SocketProcessorBase.run(SocketProcessorBase.java:49) [tomcat-embed-core-9.0.12.jar!/:9.0.12]
	at java.util.concurrent.ThreadPoolExecutor.runWorker(ThreadPoolExecutor.java:1149) [?:1.8.0_312]
	at java.util.concurrent.ThreadPoolExecutor$Worker.run(ThreadPoolExecutor.java:624) [?:1.8.0_312]
	at org.apache.tomcat.util.threads.TaskThread$WrappingRunnable.run(TaskThread.java:61) [tomcat-embed-core-9.0.12.jar!/:9.0.12]
	at java.lang.Thread.run(Thread.java:748) [?:1.8.0_312]

